[2023-09-24 13:38:15] local.EMERGENCY: Size [12228] 
[2023-09-24 13:38:17] local.EMERGENCY: Size [611] 
[2023-09-24 14:00:00] local.ERROR: Command "queue" is not defined.

Did you mean one of these?
    queue:batches-table
    queue:clear
    queue:failed
    queue:failed-table
    queue:flush
    queue:forget
    queue:listen
    queue:monitor
    queue:prune-batches
    queue:prune-failed
    queue:restart
    queue:retry
    queue:retry-batch
    queue:table
    queue:work {"exception":"[object] (Symfony\\Component\\Console\\Exception\\CommandNotFoundException(code: 0): Command \"queue\" is not defined.

Did you mean one of these?
    queue:batches-table
    queue:clear
    queue:failed
    queue:failed-table
    queue:flush
    queue:forget
    queue:listen
    queue:monitor
    queue:prune-batches
    queue:prune-failed
    queue:restart
    queue:retry
    queue:retry-batch
    queue:table
    queue:work at /Users/henrikhannewijk/Desktop/Projecten/FTP-CSV-Reader/vendor/symfony/console/Application.php:694)
[stacktrace]
#0 /Users/henrikhannewijk/Desktop/Projecten/FTP-CSV-Reader/vendor/symfony/console/Application.php(259): Symfony\\Component\\Console\\Application->find('queue')
#1 /Users/henrikhannewijk/Desktop/Projecten/FTP-CSV-Reader/vendor/symfony/console/Application.php(171): Symfony\\Component\\Console\\Application->doRun(Object(Symfony\\Component\\Console\\Input\\ArgvInput), Object(Symfony\\Component\\Console\\Output\\ConsoleOutput))
#2 /Users/henrikhannewijk/Desktop/Projecten/FTP-CSV-Reader/vendor/laravel/framework/src/Illuminate/Console/Application.php(102): Symfony\\Component\\Console\\Application->run(Object(Symfony\\Component\\Console\\Input\\ArgvInput), Object(Symfony\\Component\\Console\\Output\\ConsoleOutput))
#3 /Users/henrikhannewijk/Desktop/Projecten/FTP-CSV-Reader/vendor/laravel/framework/src/Illuminate/Foundation/Console/Kernel.php(155): Illuminate\\Console\\Application->run(Object(Symfony\\Component\\Console\\Input\\ArgvInput), Object(Symfony\\Component\\Console\\Output\\ConsoleOutput))
#4 /Users/henrikhannewijk/Desktop/Projecten/FTP-CSV-Reader/artisan(35): Illuminate\\Foundation\\Console\\Kernel->handle(Object(Symfony\\Component\\Console\\Input\\ArgvInput), Object(Symfony\\Component\\Console\\Output\\ConsoleOutput))
#5 {main}
"} 
[2023-09-24 14:00:16] local.ERROR: Not enough arguments (missing: "queues"). {"exception":"[object] (Symfony\\Component\\Console\\Exception\\RuntimeException(code: 0): Not enough arguments (missing: \"queues\"). at /Users/henrikhannewijk/Desktop/Projecten/FTP-CSV-Reader/vendor/symfony/console/Input/Input.php:76)
[stacktrace]
#0 /Users/henrikhannewijk/Desktop/Projecten/FTP-CSV-Reader/vendor/symfony/console/Command/Command.php(286): Symfony\\Component\\Console\\Input\\Input->validate()
#1 /Users/henrikhannewijk/Desktop/Projecten/FTP-CSV-Reader/vendor/laravel/framework/src/Illuminate/Console/Command.php(152): Symfony\\Component\\Console\\Command\\Command->run(Object(Symfony\\Component\\Console\\Input\\ArgvInput), Object(Illuminate\\Console\\OutputStyle))
#2 /Users/henrikhannewijk/Desktop/Projecten/FTP-CSV-Reader/vendor/symfony/console/Application.php(1014): Illuminate\\Console\\Command->run(Object(Symfony\\Component\\Console\\Input\\ArgvInput), Object(Symfony\\Component\\Console\\Output\\ConsoleOutput))
#3 /Users/henrikhannewijk/Desktop/Projecten/FTP-CSV-Reader/vendor/symfony/console/Application.php(301): Symfony\\Component\\Console\\Application->doRunCommand(Object(Illuminate\\Queue\\Console\\MonitorCommand), Object(Symfony\\Component\\Console\\Input\\ArgvInput), Object(Symfony\\Component\\Console\\Output\\ConsoleOutput))
#4 /Users/henrikhannewijk/Desktop/Projecten/FTP-CSV-Reader/vendor/symfony/console/Application.php(171): Symfony\\Component\\Console\\Application->doRun(Object(Symfony\\Component\\Console\\Input\\ArgvInput), Object(Symfony\\Component\\Console\\Output\\ConsoleOutput))
#5 /Users/henrikhannewijk/Desktop/Projecten/FTP-CSV-Reader/vendor/laravel/framework/src/Illuminate/Console/Application.php(102): Symfony\\Component\\Console\\Application->run(Object(Symfony\\Component\\Console\\Input\\ArgvInput), Object(Symfony\\Component\\Console\\Output\\ConsoleOutput))
#6 /Users/henrikhannewijk/Desktop/Projecten/FTP-CSV-Reader/vendor/laravel/framework/src/Illuminate/Foundation/Console/Kernel.php(155): Illuminate\\Console\\Application->run(Object(Symfony\\Component\\Console\\Input\\ArgvInput), Object(Symfony\\Component\\Console\\Output\\ConsoleOutput))
#7 /Users/henrikhannewijk/Desktop/Projecten/FTP-CSV-Reader/artisan(35): Illuminate\\Foundation\\Console\\Kernel->handle(Object(Symfony\\Component\\Console\\Input\\ArgvInput), Object(Symfony\\Component\\Console\\Output\\ConsoleOutput))
#8 {main}
"} 
[2023-09-24 14:24:39] local.ERROR: Attempt to read property "name" on null {"exception":"[object] (ErrorException(code: 0): Attempt to read property \"name\" on null at /Users/henrikhannewijk/Desktop/Projecten/FTP-CSV-Reader/app/Models/ProductSort.php:34)
[stacktrace]
#0 /Users/henrikhannewijk/Desktop/Projecten/FTP-CSV-Reader/vendor/laravel/framework/src/Illuminate/Foundation/Bootstrap/HandleExceptions.php(270): Illuminate\\Foundation\\Bootstrap\\HandleExceptions->handleError(2, 'Attempt to read...', '/Users/henrikha...', 34)
#1 /Users/henrikhannewijk/Desktop/Projecten/FTP-CSV-Reader/app/Models/ProductSort.php(34): Illuminate\\Foundation\\Bootstrap\\HandleExceptions->Illuminate\\Foundation\\Bootstrap\\{closure}(2, 'Attempt to read...', '/Users/henrikha...', 34)
#2 /Users/henrikhannewijk/Desktop/Projecten/FTP-CSV-Reader/vendor/laravel/framework/src/Illuminate/Database/Eloquent/Concerns/HasAttributes.php(661): App\\Models\\ProductSort->getgroupImageAttribute(NULL)
#3 /Users/henrikhannewijk/Desktop/Projecten/FTP-CSV-Reader/vendor/laravel/framework/src/Illuminate/Database/Eloquent/Concerns/HasAttributes.php(711): Illuminate\\Database\\Eloquent\\Model->mutateAttribute('groupImage', NULL)
#4 /Users/henrikhannewijk/Desktop/Projecten/FTP-CSV-Reader/vendor/laravel/framework/src/Illuminate/Database/Eloquent/Concerns/HasAttributes.php(217): Illuminate\\Database\\Eloquent\\Model->mutateAttributeForArray('groupImage', NULL)
#5 /Users/henrikhannewijk/Desktop/Projecten/FTP-CSV-Reader/vendor/laravel/framework/src/Illuminate/Database/Eloquent/Model.php(1633): Illuminate\\Database\\Eloquent\\Model->attributesToArray()
#6 /Users/henrikhannewijk/Desktop/Projecten/FTP-CSV-Reader/vendor/laravel/framework/src/Illuminate/Collections/Traits/EnumeratesValues.php(847): Illuminate\\Database\\Eloquent\\Model->toArray()
#7 [internal function]: Illuminate\\Support\\Collection->Illuminate\\Support\\Traits\\{closure}(Object(App\\Models\\ProductSort), 0)
#8 /Users/henrikhannewijk/Desktop/Projecten/FTP-CSV-Reader/vendor/laravel/framework/src/Illuminate/Collections/Arr.php(560): array_map(Object(Closure), Array, Array)
#9 /Users/henrikhannewijk/Desktop/Projecten/FTP-CSV-Reader/vendor/laravel/framework/src/Illuminate/Collections/Collection.php(768): Illuminate\\Support\\Arr::map(Array, Object(Closure))
#10 /Users/henrikhannewijk/Desktop/Projecten/FTP-CSV-Reader/vendor/laravel/framework/src/Illuminate/Database/Eloquent/Collection.php(341): Illuminate\\Support\\Collection->map(Object(Closure))
#11 /Users/henrikhannewijk/Desktop/Projecten/FTP-CSV-Reader/vendor/laravel/framework/src/Illuminate/Collections/Traits/EnumeratesValues.php(847): Illuminate\\Database\\Eloquent\\Collection->map(Object(Closure))
#12 /Users/henrikhannewijk/Desktop/Projecten/FTP-CSV-Reader/vendor/laravel/framework/src/Illuminate/Pagination/LengthAwarePaginator.php(196): Illuminate\\Support\\Collection->toArray()
#13 /Users/henrikhannewijk/Desktop/Projecten/FTP-CSV-Reader/vendor/laravel/framework/src/Illuminate/Pagination/LengthAwarePaginator.php(218): Illuminate\\Pagination\\LengthAwarePaginator->toArray()
#14 /Users/henrikhannewijk/Desktop/Projecten/FTP-CSV-Reader/vendor/laravel/framework/src/Illuminate/Pagination/LengthAwarePaginator.php(229): Illuminate\\Pagination\\LengthAwarePaginator->jsonSerialize()
#15 /Users/henrikhannewijk/Desktop/Projecten/FTP-CSV-Reader/vendor/laravel/framework/src/Illuminate/Http/JsonResponse.php(81): Illuminate\\Pagination\\LengthAwarePaginator->toJson(0)
#16 /Users/henrikhannewijk/Desktop/Projecten/FTP-CSV-Reader/vendor/symfony/http-foundation/JsonResponse.php(51): Illuminate\\Http\\JsonResponse->setData(Object(Illuminate\\Pagination\\LengthAwarePaginator))
#17 /Users/henrikhannewijk/Desktop/Projecten/FTP-CSV-Reader/vendor/laravel/framework/src/Illuminate/Http/JsonResponse.php(32): Symfony\\Component\\HttpFoundation\\JsonResponse->__construct(Object(Illuminate\\Pagination\\LengthAwarePaginator), 200, Array, false)
#18 /Users/henrikhannewijk/Desktop/Projecten/FTP-CSV-Reader/vendor/laravel/framework/src/Illuminate/Routing/Router.php(904): Illuminate\\Http\\JsonResponse->__construct(Object(Illuminate\\Pagination\\LengthAwarePaginator))
#19 /Users/henrikhannewijk/Desktop/Projecten/FTP-CSV-Reader/vendor/laravel/framework/src/Illuminate/Routing/Router.php(875): Illuminate\\Routing\\Router::toResponse(Object(Illuminate\\Http\\Request), Object(Illuminate\\Pagination\\LengthAwarePaginator))
#20 /Users/henrikhannewijk/Desktop/Projecten/FTP-CSV-Reader/vendor/laravel/framework/src/Illuminate/Routing/Router.php(797): Illuminate\\Routing\\Router->prepareResponse(Object(Illuminate\\Http\\Request), Object(Illuminate\\Pagination\\LengthAwarePaginator))
#21 /Users/henrikhannewijk/Desktop/Projecten/FTP-CSV-Reader/vendor/laravel/framework/src/Illuminate/Pipeline/Pipeline.php(141): Illuminate\\Routing\\Router->Illuminate\\Routing\\{closure}(Object(Illuminate\\Http\\Request))
#22 /Users/henrikhannewijk/Desktop/Projecten/FTP-CSV-Reader/vendor/laravel/framework/src/Illuminate/Routing/Middleware/SubstituteBindings.php(50): Illuminate\\Pipeline\\Pipeline->Illuminate\\Pipeline\\{closure}(Object(Illuminate\\Http\\Request))
#23 /Users/henrikhannewijk/Desktop/Projecten/FTP-CSV-Reader/vendor/laravel/framework/src/Illuminate/Pipeline/Pipeline.php(180): Illuminate\\Routing\\Middleware\\SubstituteBindings->handle(Object(Illuminate\\Http\\Request), Object(Closure))
#24 /Users/henrikhannewijk/Desktop/Projecten/FTP-CSV-Reader/vendor/laravel/framework/src/Illuminate/Routing/Middleware/ThrottleRequests.php(126): Illuminate\\Pipeline\\Pipeline->Illuminate\\Pipeline\\{closure}(Object(Illuminate\\Http\\Request))
#25 /Users/henrikhannewijk/Desktop/Projecten/FTP-CSV-Reader/vendor/laravel/framework/src/Illuminate/Routing/Middleware/ThrottleRequests.php(92): Illuminate\\Routing\\Middleware\\ThrottleRequests->handleRequest(Object(Illuminate\\Http\\Request), Object(Closure), Array)
#26 /Users/henrikhannewijk/Desktop/Projecten/FTP-CSV-Reader/vendor/laravel/framework/src/Illuminate/Routing/Middleware/ThrottleRequests.php(54): Illuminate\\Routing\\Middleware\\ThrottleRequests->handleRequestUsingNamedLimiter(Object(Illuminate\\Http\\Request), Object(Closure), 'api', Object(Closure))
#27 /Users/henrikhannewijk/Desktop/Projecten/FTP-CSV-Reader/vendor/laravel/framework/src/Illuminate/Pipeline/Pipeline.php(180): Illuminate\\Routing\\Middleware\\ThrottleRequests->handle(Object(Illuminate\\Http\\Request), Object(Closure), 'api')
#28 /Users/henrikhannewijk/Desktop/Projecten/FTP-CSV-Reader/vendor/laravel/framework/src/Illuminate/Pipeline/Pipeline.php(116): Illuminate\\Pipeline\\Pipeline->Illuminate\\Pipeline\\{closure}(Object(Illuminate\\Http\\Request))
#29 /Users/henrikhannewijk/Desktop/Projecten/FTP-CSV-Reader/vendor/laravel/framework/src/Illuminate/Routing/Router.php(797): Illuminate\\Pipeline\\Pipeline->then(Object(Closure))
#30 /Users/henrikhannewijk/Desktop/Projecten/FTP-CSV-Reader/vendor/laravel/framework/src/Illuminate/Routing/Router.php(776): Illuminate\\Routing\\Router->runRouteWithinStack(Object(Illuminate\\Routing\\Route), Object(Illuminate\\Http\\Request))
#31 /Users/henrikhannewijk/Desktop/Projecten/FTP-CSV-Reader/vendor/laravel/framework/src/Illuminate/Routing/Router.php(740): Illuminate\\Routing\\Router->runRoute(Object(Illuminate\\Http\\Request), Object(Illuminate\\Routing\\Route))
#32 /Users/henrikhannewijk/Desktop/Projecten/FTP-CSV-Reader/vendor/laravel/framework/src/Illuminate/Routing/Router.php(729): Illuminate\\Routing\\Router->dispatchToRoute(Object(Illuminate\\Http\\Request))
#33 /Users/henrikhannewijk/Desktop/Projecten/FTP-CSV-Reader/vendor/laravel/framework/src/Illuminate/Foundation/Http/Kernel.php(190): Illuminate\\Routing\\Router->dispatch(Object(Illuminate\\Http\\Request))
#34 /Users/henrikhannewijk/Desktop/Projecten/FTP-CSV-Reader/vendor/laravel/framework/src/Illuminate/Pipeline/Pipeline.php(141): Illuminate\\Foundation\\Http\\Kernel->Illuminate\\Foundation\\Http\\{closure}(Object(Illuminate\\Http\\Request))
#35 /Users/henrikhannewijk/Desktop/Projecten/FTP-CSV-Reader/vendor/laravel/framework/src/Illuminate/Foundation/Http/Middleware/TransformsRequest.php(21): Illuminate\\Pipeline\\Pipeline->Illuminate\\Pipeline\\{closure}(Object(Illuminate\\Http\\Request))
#36 /Users/henrikhannewijk/Desktop/Projecten/FTP-CSV-Reader/vendor/laravel/framework/src/Illuminate/Foundation/Http/Middleware/ConvertEmptyStringsToNull.php(31): Illuminate\\Foundation\\Http\\Middleware\\TransformsRequest->handle(Object(Illuminate\\Http\\Request), Object(Closure))
#37 /Users/henrikhannewijk/Desktop/Projecten/FTP-CSV-Reader/vendor/laravel/framework/src/Illuminate/Pipeline/Pipeline.php(180): Illuminate\\Foundation\\Http\\Middleware\\ConvertEmptyStringsToNull->handle(Object(Illuminate\\Http\\Request), Object(Closure))
#38 /Users/henrikhannewijk/Desktop/Projecten/FTP-CSV-Reader/vendor/laravel/framework/src/Illuminate/Foundation/Http/Middleware/TransformsRequest.php(21): Illuminate\\Pipeline\\Pipeline->Illuminate\\Pipeline\\{closure}(Object(Illuminate\\Http\\Request))
#39 /Users/henrikhannewijk/Desktop/Projecten/FTP-CSV-Reader/vendor/laravel/framework/src/Illuminate/Foundation/Http/Middleware/TrimStrings.php(40): Illuminate\\Foundation\\Http\\Middleware\\TransformsRequest->handle(Object(Illuminate\\Http\\Request), Object(Closure))
#40 /Users/henrikhannewijk/Desktop/Projecten/FTP-CSV-Reader/vendor/laravel/framework/src/Illuminate/Pipeline/Pipeline.php(180): Illuminate\\Foundation\\Http\\Middleware\\TrimStrings->handle(Object(Illuminate\\Http\\Request), Object(Closure))
#41 /Users/henrikhannewijk/Desktop/Projecten/FTP-CSV-Reader/vendor/laravel/framework/src/Illuminate/Foundation/Http/Middleware/ValidatePostSize.php(27): Illuminate\\Pipeline\\Pipeline->Illuminate\\Pipeline\\{closure}(Object(Illuminate\\Http\\Request))
#42 /Users/henrikhannewijk/Desktop/Projecten/FTP-CSV-Reader/vendor/laravel/framework/src/Illuminate/Pipeline/Pipeline.php(180): Illuminate\\Foundation\\Http\\Middleware\\ValidatePostSize->handle(Object(Illuminate\\Http\\Request), Object(Closure))
#43 /Users/henrikhannewijk/Desktop/Projecten/FTP-CSV-Reader/vendor/laravel/framework/src/Illuminate/Foundation/Http/Middleware/PreventRequestsDuringMaintenance.php(86): Illuminate\\Pipeline\\Pipeline->Illuminate\\Pipeline\\{closure}(Object(Illuminate\\Http\\Request))
#44 /Users/henrikhannewijk/Desktop/Projecten/FTP-CSV-Reader/vendor/laravel/framework/src/Illuminate/Pipeline/Pipeline.php(180): Illuminate\\Foundation\\Http\\Middleware\\PreventRequestsDuringMaintenance->handle(Object(Illuminate\\Http\\Request), Object(Closure))
#45 /Users/henrikhannewijk/Desktop/Projecten/FTP-CSV-Reader/vendor/laravel/framework/src/Illuminate/Http/Middleware/HandleCors.php(62): Illuminate\\Pipeline\\Pipeline->Illuminate\\Pipeline\\{closure}(Object(Illuminate\\Http\\Request))
#46 /Users/henrikhannewijk/Desktop/Projecten/FTP-CSV-Reader/vendor/laravel/framework/src/Illuminate/Pipeline/Pipeline.php(180): Illuminate\\Http\\Middleware\\HandleCors->handle(Object(Illuminate\\Http\\Request), Object(Closure))
#47 /Users/henrikhannewijk/Desktop/Projecten/FTP-CSV-Reader/vendor/laravel/framework/src/Illuminate/Http/Middleware/TrustProxies.php(39): Illuminate\\Pipeline\\Pipeline->Illuminate\\Pipeline\\{closure}(Object(Illuminate\\Http\\Request))
#48 /Users/henrikhannewijk/Desktop/Projecten/FTP-CSV-Reader/vendor/laravel/framework/src/Illuminate/Pipeline/Pipeline.php(180): Illuminate\\Http\\Middleware\\TrustProxies->handle(Object(Illuminate\\Http\\Request), Object(Closure))
#49 /Users/henrikhannewijk/Desktop/Projecten/FTP-CSV-Reader/vendor/laravel/framework/src/Illuminate/Pipeline/Pipeline.php(116): Illuminate\\Pipeline\\Pipeline->Illuminate\\Pipeline\\{closure}(Object(Illuminate\\Http\\Request))
#50 /Users/henrikhannewijk/Desktop/Projecten/FTP-CSV-Reader/vendor/laravel/framework/src/Illuminate/Foundation/Http/Kernel.php(165): Illuminate\\Pipeline\\Pipeline->then(Object(Closure))
#51 /Users/henrikhannewijk/Desktop/Projecten/FTP-CSV-Reader/vendor/laravel/framework/src/Illuminate/Foundation/Http/Kernel.php(134): Illuminate\\Foundation\\Http\\Kernel->sendRequestThroughRouter(Object(Illuminate\\Http\\Request))
#52 /Users/henrikhannewijk/Desktop/Projecten/FTP-CSV-Reader/public/index.php(51): Illuminate\\Foundation\\Http\\Kernel->handle(Object(Illuminate\\Http\\Request))
#53 /Users/henrikhannewijk/.composer/vendor/laravel/valet/server.php(110): require('/Users/henrikha...')
#54 {main}
"} 
[2023-09-24 14:29:51] local.ERROR: App\Http\Controllers\ProductsController::showProduct(): Return value must be of type Illuminate\Pagination\LengthAwarePaginator, App\Models\Product returned {"exception":"[object] (TypeError(code: 0): App\\Http\\Controllers\\ProductsController::showProduct(): Return value must be of type Illuminate\\Pagination\\LengthAwarePaginator, App\\Models\\Product returned at /Users/henrikhannewijk/Desktop/Projecten/FTP-CSV-Reader/app/Http/Controllers/ProductsController.php:33)
[stacktrace]
#0 /Users/henrikhannewijk/Desktop/Projecten/FTP-CSV-Reader/vendor/laravel/framework/src/Illuminate/Routing/Controller.php(54): App\\Http\\Controllers\\ProductsController->showProduct(Object(App\\Services\\PaginationService), Object(Illuminate\\Http\\Request), '1')
#1 /Users/henrikhannewijk/Desktop/Projecten/FTP-CSV-Reader/vendor/laravel/framework/src/Illuminate/Routing/ControllerDispatcher.php(43): Illuminate\\Routing\\Controller->callAction('showProduct', Array)
#2 /Users/henrikhannewijk/Desktop/Projecten/FTP-CSV-Reader/vendor/laravel/framework/src/Illuminate/Routing/Route.php(259): Illuminate\\Routing\\ControllerDispatcher->dispatch(Object(Illuminate\\Routing\\Route), Object(App\\Http\\Controllers\\ProductsController), 'showProduct')
#3 /Users/henrikhannewijk/Desktop/Projecten/FTP-CSV-Reader/vendor/laravel/framework/src/Illuminate/Routing/Route.php(205): Illuminate\\Routing\\Route->runController()
#4 /Users/henrikhannewijk/Desktop/Projecten/FTP-CSV-Reader/vendor/laravel/framework/src/Illuminate/Routing/Router.php(798): Illuminate\\Routing\\Route->run()
#5 /Users/henrikhannewijk/Desktop/Projecten/FTP-CSV-Reader/vendor/laravel/framework/src/Illuminate/Pipeline/Pipeline.php(141): Illuminate\\Routing\\Router->Illuminate\\Routing\\{closure}(Object(Illuminate\\Http\\Request))
#6 /Users/henrikhannewijk/Desktop/Projecten/FTP-CSV-Reader/vendor/laravel/framework/src/Illuminate/Routing/Middleware/SubstituteBindings.php(50): Illuminate\\Pipeline\\Pipeline->Illuminate\\Pipeline\\{closure}(Object(Illuminate\\Http\\Request))
#7 /Users/henrikhannewijk/Desktop/Projecten/FTP-CSV-Reader/vendor/laravel/framework/src/Illuminate/Pipeline/Pipeline.php(180): Illuminate\\Routing\\Middleware\\SubstituteBindings->handle(Object(Illuminate\\Http\\Request), Object(Closure))
#8 /Users/henrikhannewijk/Desktop/Projecten/FTP-CSV-Reader/vendor/laravel/framework/src/Illuminate/Routing/Middleware/ThrottleRequests.php(126): Illuminate\\Pipeline\\Pipeline->Illuminate\\Pipeline\\{closure}(Object(Illuminate\\Http\\Request))
#9 /Users/henrikhannewijk/Desktop/Projecten/FTP-CSV-Reader/vendor/laravel/framework/src/Illuminate/Routing/Middleware/ThrottleRequests.php(92): Illuminate\\Routing\\Middleware\\ThrottleRequests->handleRequest(Object(Illuminate\\Http\\Request), Object(Closure), Array)
#10 /Users/henrikhannewijk/Desktop/Projecten/FTP-CSV-Reader/vendor/laravel/framework/src/Illuminate/Routing/Middleware/ThrottleRequests.php(54): Illuminate\\Routing\\Middleware\\ThrottleRequests->handleRequestUsingNamedLimiter(Object(Illuminate\\Http\\Request), Object(Closure), 'api', Object(Closure))
#11 /Users/henrikhannewijk/Desktop/Projecten/FTP-CSV-Reader/vendor/laravel/framework/src/Illuminate/Pipeline/Pipeline.php(180): Illuminate\\Routing\\Middleware\\ThrottleRequests->handle(Object(Illuminate\\Http\\Request), Object(Closure), 'api')
#12 /Users/henrikhannewijk/Desktop/Projecten/FTP-CSV-Reader/vendor/laravel/framework/src/Illuminate/Pipeline/Pipeline.php(116): Illuminate\\Pipeline\\Pipeline->Illuminate\\Pipeline\\{closure}(Object(Illuminate\\Http\\Request))
#13 /Users/henrikhannewijk/Desktop/Projecten/FTP-CSV-Reader/vendor/laravel/framework/src/Illuminate/Routing/Router.php(797): Illuminate\\Pipeline\\Pipeline->then(Object(Closure))
#14 /Users/henrikhannewijk/Desktop/Projecten/FTP-CSV-Reader/vendor/laravel/framework/src/Illuminate/Routing/Router.php(776): Illuminate\\Routing\\Router->runRouteWithinStack(Object(Illuminate\\Routing\\Route), Object(Illuminate\\Http\\Request))
#15 /Users/henrikhannewijk/Desktop/Projecten/FTP-CSV-Reader/vendor/laravel/framework/src/Illuminate/Routing/Router.php(740): Illuminate\\Routing\\Router->runRoute(Object(Illuminate\\Http\\Request), Object(Illuminate\\Routing\\Route))
#16 /Users/henrikhannewijk/Desktop/Projecten/FTP-CSV-Reader/vendor/laravel/framework/src/Illuminate/Routing/Router.php(729): Illuminate\\Routing\\Router->dispatchToRoute(Object(Illuminate\\Http\\Request))
#17 /Users/henrikhannewijk/Desktop/Projecten/FTP-CSV-Reader/vendor/laravel/framework/src/Illuminate/Foundation/Http/Kernel.php(190): Illuminate\\Routing\\Router->dispatch(Object(Illuminate\\Http\\Request))
#18 /Users/henrikhannewijk/Desktop/Projecten/FTP-CSV-Reader/vendor/laravel/framework/src/Illuminate/Pipeline/Pipeline.php(141): Illuminate\\Foundation\\Http\\Kernel->Illuminate\\Foundation\\Http\\{closure}(Object(Illuminate\\Http\\Request))
#19 /Users/henrikhannewijk/Desktop/Projecten/FTP-CSV-Reader/vendor/laravel/framework/src/Illuminate/Foundation/Http/Middleware/TransformsRequest.php(21): Illuminate\\Pipeline\\Pipeline->Illuminate\\Pipeline\\{closure}(Object(Illuminate\\Http\\Request))
#20 /Users/henrikhannewijk/Desktop/Projecten/FTP-CSV-Reader/vendor/laravel/framework/src/Illuminate/Foundation/Http/Middleware/ConvertEmptyStringsToNull.php(31): Illuminate\\Foundation\\Http\\Middleware\\TransformsRequest->handle(Object(Illuminate\\Http\\Request), Object(Closure))
#21 /Users/henrikhannewijk/Desktop/Projecten/FTP-CSV-Reader/vendor/laravel/framework/src/Illuminate/Pipeline/Pipeline.php(180): Illuminate\\Foundation\\Http\\Middleware\\ConvertEmptyStringsToNull->handle(Object(Illuminate\\Http\\Request), Object(Closure))
#22 /Users/henrikhannewijk/Desktop/Projecten/FTP-CSV-Reader/vendor/laravel/framework/src/Illuminate/Foundation/Http/Middleware/TransformsRequest.php(21): Illuminate\\Pipeline\\Pipeline->Illuminate\\Pipeline\\{closure}(Object(Illuminate\\Http\\Request))
#23 /Users/henrikhannewijk/Desktop/Projecten/FTP-CSV-Reader/vendor/laravel/framework/src/Illuminate/Foundation/Http/Middleware/TrimStrings.php(40): Illuminate\\Foundation\\Http\\Middleware\\TransformsRequest->handle(Object(Illuminate\\Http\\Request), Object(Closure))
#24 /Users/henrikhannewijk/Desktop/Projecten/FTP-CSV-Reader/vendor/laravel/framework/src/Illuminate/Pipeline/Pipeline.php(180): Illuminate\\Foundation\\Http\\Middleware\\TrimStrings->handle(Object(Illuminate\\Http\\Request), Object(Closure))
#25 /Users/henrikhannewijk/Desktop/Projecten/FTP-CSV-Reader/vendor/laravel/framework/src/Illuminate/Foundation/Http/Middleware/ValidatePostSize.php(27): Illuminate\\Pipeline\\Pipeline->Illuminate\\Pipeline\\{closure}(Object(Illuminate\\Http\\Request))
#26 /Users/henrikhannewijk/Desktop/Projecten/FTP-CSV-Reader/vendor/laravel/framework/src/Illuminate/Pipeline/Pipeline.php(180): Illuminate\\Foundation\\Http\\Middleware\\ValidatePostSize->handle(Object(Illuminate\\Http\\Request), Object(Closure))
#27 /Users/henrikhannewijk/Desktop/Projecten/FTP-CSV-Reader/vendor/laravel/framework/src/Illuminate/Foundation/Http/Middleware/PreventRequestsDuringMaintenance.php(86): Illuminate\\Pipeline\\Pipeline->Illuminate\\Pipeline\\{closure}(Object(Illuminate\\Http\\Request))
#28 /Users/henrikhannewijk/Desktop/Projecten/FTP-CSV-Reader/vendor/laravel/framework/src/Illuminate/Pipeline/Pipeline.php(180): Illuminate\\Foundation\\Http\\Middleware\\PreventRequestsDuringMaintenance->handle(Object(Illuminate\\Http\\Request), Object(Closure))
#29 /Users/henrikhannewijk/Desktop/Projecten/FTP-CSV-Reader/vendor/laravel/framework/src/Illuminate/Http/Middleware/HandleCors.php(62): Illuminate\\Pipeline\\Pipeline->Illuminate\\Pipeline\\{closure}(Object(Illuminate\\Http\\Request))
#30 /Users/henrikhannewijk/Desktop/Projecten/FTP-CSV-Reader/vendor/laravel/framework/src/Illuminate/Pipeline/Pipeline.php(180): Illuminate\\Http\\Middleware\\HandleCors->handle(Object(Illuminate\\Http\\Request), Object(Closure))
#31 /Users/henrikhannewijk/Desktop/Projecten/FTP-CSV-Reader/vendor/laravel/framework/src/Illuminate/Http/Middleware/TrustProxies.php(39): Illuminate\\Pipeline\\Pipeline->Illuminate\\Pipeline\\{closure}(Object(Illuminate\\Http\\Request))
#32 /Users/henrikhannewijk/Desktop/Projecten/FTP-CSV-Reader/vendor/laravel/framework/src/Illuminate/Pipeline/Pipeline.php(180): Illuminate\\Http\\Middleware\\TrustProxies->handle(Object(Illuminate\\Http\\Request), Object(Closure))
#33 /Users/henrikhannewijk/Desktop/Projecten/FTP-CSV-Reader/vendor/laravel/framework/src/Illuminate/Pipeline/Pipeline.php(116): Illuminate\\Pipeline\\Pipeline->Illuminate\\Pipeline\\{closure}(Object(Illuminate\\Http\\Request))
#34 /Users/henrikhannewijk/Desktop/Projecten/FTP-CSV-Reader/vendor/laravel/framework/src/Illuminate/Foundation/Http/Kernel.php(165): Illuminate\\Pipeline\\Pipeline->then(Object(Closure))
#35 /Users/henrikhannewijk/Desktop/Projecten/FTP-CSV-Reader/vendor/laravel/framework/src/Illuminate/Foundation/Http/Kernel.php(134): Illuminate\\Foundation\\Http\\Kernel->sendRequestThroughRouter(Object(Illuminate\\Http\\Request))
#36 /Users/henrikhannewijk/Desktop/Projecten/FTP-CSV-Reader/public/index.php(51): Illuminate\\Foundation\\Http\\Kernel->handle(Object(Illuminate\\Http\\Request))
#37 /Users/henrikhannewijk/.composer/vendor/laravel/valet/server.php(110): require('/Users/henrikha...')
#38 {main}
"} 
[2023-09-24 14:32:22] local.ERROR: Method Illuminate\Database\Eloquent\Collection::paginate does not exist. {"exception":"[object] (BadMethodCallException(code: 0): Method Illuminate\\Database\\Eloquent\\Collection::paginate does not exist. at /Users/henrikhannewijk/Desktop/Projecten/FTP-CSV-Reader/vendor/laravel/framework/src/Illuminate/Macroable/Traits/Macroable.php:113)
[stacktrace]
#0 /Users/henrikhannewijk/Desktop/Projecten/FTP-CSV-Reader/app/Http/Controllers/ProductsController.php(38): Illuminate\\Support\\Collection->__call('paginate', Array)
#1 /Users/henrikhannewijk/Desktop/Projecten/FTP-CSV-Reader/vendor/laravel/framework/src/Illuminate/Routing/Controller.php(54): App\\Http\\Controllers\\ProductsController->showProducts(Object(App\\Services\\PaginationService), Object(Illuminate\\Http\\Request))
#2 /Users/henrikhannewijk/Desktop/Projecten/FTP-CSV-Reader/vendor/laravel/framework/src/Illuminate/Routing/ControllerDispatcher.php(43): Illuminate\\Routing\\Controller->callAction('showProducts', Array)
#3 /Users/henrikhannewijk/Desktop/Projecten/FTP-CSV-Reader/vendor/laravel/framework/src/Illuminate/Routing/Route.php(259): Illuminate\\Routing\\ControllerDispatcher->dispatch(Object(Illuminate\\Routing\\Route), Object(App\\Http\\Controllers\\ProductsController), 'showProducts')
#4 /Users/henrikhannewijk/Desktop/Projecten/FTP-CSV-Reader/vendor/laravel/framework/src/Illuminate/Routing/Route.php(205): Illuminate\\Routing\\Route->runController()
#5 /Users/henrikhannewijk/Desktop/Projecten/FTP-CSV-Reader/vendor/laravel/framework/src/Illuminate/Routing/Router.php(798): Illuminate\\Routing\\Route->run()
#6 /Users/henrikhannewijk/Desktop/Projecten/FTP-CSV-Reader/vendor/laravel/framework/src/Illuminate/Pipeline/Pipeline.php(141): Illuminate\\Routing\\Router->Illuminate\\Routing\\{closure}(Object(Illuminate\\Http\\Request))
#7 /Users/henrikhannewijk/Desktop/Projecten/FTP-CSV-Reader/vendor/laravel/framework/src/Illuminate/Routing/Middleware/SubstituteBindings.php(50): Illuminate\\Pipeline\\Pipeline->Illuminate\\Pipeline\\{closure}(Object(Illuminate\\Http\\Request))
#8 /Users/henrikhannewijk/Desktop/Projecten/FTP-CSV-Reader/vendor/laravel/framework/src/Illuminate/Pipeline/Pipeline.php(180): Illuminate\\Routing\\Middleware\\SubstituteBindings->handle(Object(Illuminate\\Http\\Request), Object(Closure))
#9 /Users/henrikhannewijk/Desktop/Projecten/FTP-CSV-Reader/vendor/laravel/framework/src/Illuminate/Routing/Middleware/ThrottleRequests.php(126): Illuminate\\Pipeline\\Pipeline->Illuminate\\Pipeline\\{closure}(Object(Illuminate\\Http\\Request))
#10 /Users/henrikhannewijk/Desktop/Projecten/FTP-CSV-Reader/vendor/laravel/framework/src/Illuminate/Routing/Middleware/ThrottleRequests.php(92): Illuminate\\Routing\\Middleware\\ThrottleRequests->handleRequest(Object(Illuminate\\Http\\Request), Object(Closure), Array)
#11 /Users/henrikhannewijk/Desktop/Projecten/FTP-CSV-Reader/vendor/laravel/framework/src/Illuminate/Routing/Middleware/ThrottleRequests.php(54): Illuminate\\Routing\\Middleware\\ThrottleRequests->handleRequestUsingNamedLimiter(Object(Illuminate\\Http\\Request), Object(Closure), 'api', Object(Closure))
#12 /Users/henrikhannewijk/Desktop/Projecten/FTP-CSV-Reader/vendor/laravel/framework/src/Illuminate/Pipeline/Pipeline.php(180): Illuminate\\Routing\\Middleware\\ThrottleRequests->handle(Object(Illuminate\\Http\\Request), Object(Closure), 'api')
#13 /Users/henrikhannewijk/Desktop/Projecten/FTP-CSV-Reader/vendor/laravel/framework/src/Illuminate/Pipeline/Pipeline.php(116): Illuminate\\Pipeline\\Pipeline->Illuminate\\Pipeline\\{closure}(Object(Illuminate\\Http\\Request))
#14 /Users/henrikhannewijk/Desktop/Projecten/FTP-CSV-Reader/vendor/laravel/framework/src/Illuminate/Routing/Router.php(797): Illuminate\\Pipeline\\Pipeline->then(Object(Closure))
#15 /Users/henrikhannewijk/Desktop/Projecten/FTP-CSV-Reader/vendor/laravel/framework/src/Illuminate/Routing/Router.php(776): Illuminate\\Routing\\Router->runRouteWithinStack(Object(Illuminate\\Routing\\Route), Object(Illuminate\\Http\\Request))
#16 /Users/henrikhannewijk/Desktop/Projecten/FTP-CSV-Reader/vendor/laravel/framework/src/Illuminate/Routing/Router.php(740): Illuminate\\Routing\\Router->runRoute(Object(Illuminate\\Http\\Request), Object(Illuminate\\Routing\\Route))
#17 /Users/henrikhannewijk/Desktop/Projecten/FTP-CSV-Reader/vendor/laravel/framework/src/Illuminate/Routing/Router.php(729): Illuminate\\Routing\\Router->dispatchToRoute(Object(Illuminate\\Http\\Request))
#18 /Users/henrikhannewijk/Desktop/Projecten/FTP-CSV-Reader/vendor/laravel/framework/src/Illuminate/Foundation/Http/Kernel.php(190): Illuminate\\Routing\\Router->dispatch(Object(Illuminate\\Http\\Request))
#19 /Users/henrikhannewijk/Desktop/Projecten/FTP-CSV-Reader/vendor/laravel/framework/src/Illuminate/Pipeline/Pipeline.php(141): Illuminate\\Foundation\\Http\\Kernel->Illuminate\\Foundation\\Http\\{closure}(Object(Illuminate\\Http\\Request))
#20 /Users/henrikhannewijk/Desktop/Projecten/FTP-CSV-Reader/vendor/laravel/framework/src/Illuminate/Foundation/Http/Middleware/TransformsRequest.php(21): Illuminate\\Pipeline\\Pipeline->Illuminate\\Pipeline\\{closure}(Object(Illuminate\\Http\\Request))
#21 /Users/henrikhannewijk/Desktop/Projecten/FTP-CSV-Reader/vendor/laravel/framework/src/Illuminate/Foundation/Http/Middleware/ConvertEmptyStringsToNull.php(31): Illuminate\\Foundation\\Http\\Middleware\\TransformsRequest->handle(Object(Illuminate\\Http\\Request), Object(Closure))
#22 /Users/henrikhannewijk/Desktop/Projecten/FTP-CSV-Reader/vendor/laravel/framework/src/Illuminate/Pipeline/Pipeline.php(180): Illuminate\\Foundation\\Http\\Middleware\\ConvertEmptyStringsToNull->handle(Object(Illuminate\\Http\\Request), Object(Closure))
#23 /Users/henrikhannewijk/Desktop/Projecten/FTP-CSV-Reader/vendor/laravel/framework/src/Illuminate/Foundation/Http/Middleware/TransformsRequest.php(21): Illuminate\\Pipeline\\Pipeline->Illuminate\\Pipeline\\{closure}(Object(Illuminate\\Http\\Request))
#24 /Users/henrikhannewijk/Desktop/Projecten/FTP-CSV-Reader/vendor/laravel/framework/src/Illuminate/Foundation/Http/Middleware/TrimStrings.php(40): Illuminate\\Foundation\\Http\\Middleware\\TransformsRequest->handle(Object(Illuminate\\Http\\Request), Object(Closure))
#25 /Users/henrikhannewijk/Desktop/Projecten/FTP-CSV-Reader/vendor/laravel/framework/src/Illuminate/Pipeline/Pipeline.php(180): Illuminate\\Foundation\\Http\\Middleware\\TrimStrings->handle(Object(Illuminate\\Http\\Request), Object(Closure))
#26 /Users/henrikhannewijk/Desktop/Projecten/FTP-CSV-Reader/vendor/laravel/framework/src/Illuminate/Foundation/Http/Middleware/ValidatePostSize.php(27): Illuminate\\Pipeline\\Pipeline->Illuminate\\Pipeline\\{closure}(Object(Illuminate\\Http\\Request))
#27 /Users/henrikhannewijk/Desktop/Projecten/FTP-CSV-Reader/vendor/laravel/framework/src/Illuminate/Pipeline/Pipeline.php(180): Illuminate\\Foundation\\Http\\Middleware\\ValidatePostSize->handle(Object(Illuminate\\Http\\Request), Object(Closure))
#28 /Users/henrikhannewijk/Desktop/Projecten/FTP-CSV-Reader/vendor/laravel/framework/src/Illuminate/Foundation/Http/Middleware/PreventRequestsDuringMaintenance.php(86): Illuminate\\Pipeline\\Pipeline->Illuminate\\Pipeline\\{closure}(Object(Illuminate\\Http\\Request))
#29 /Users/henrikhannewijk/Desktop/Projecten/FTP-CSV-Reader/vendor/laravel/framework/src/Illuminate/Pipeline/Pipeline.php(180): Illuminate\\Foundation\\Http\\Middleware\\PreventRequestsDuringMaintenance->handle(Object(Illuminate\\Http\\Request), Object(Closure))
#30 /Users/henrikhannewijk/Desktop/Projecten/FTP-CSV-Reader/vendor/laravel/framework/src/Illuminate/Http/Middleware/HandleCors.php(62): Illuminate\\Pipeline\\Pipeline->Illuminate\\Pipeline\\{closure}(Object(Illuminate\\Http\\Request))
#31 /Users/henrikhannewijk/Desktop/Projecten/FTP-CSV-Reader/vendor/laravel/framework/src/Illuminate/Pipeline/Pipeline.php(180): Illuminate\\Http\\Middleware\\HandleCors->handle(Object(Illuminate\\Http\\Request), Object(Closure))
#32 /Users/henrikhannewijk/Desktop/Projecten/FTP-CSV-Reader/vendor/laravel/framework/src/Illuminate/Http/Middleware/TrustProxies.php(39): Illuminate\\Pipeline\\Pipeline->Illuminate\\Pipeline\\{closure}(Object(Illuminate\\Http\\Request))
#33 /Users/henrikhannewijk/Desktop/Projecten/FTP-CSV-Reader/vendor/laravel/framework/src/Illuminate/Pipeline/Pipeline.php(180): Illuminate\\Http\\Middleware\\TrustProxies->handle(Object(Illuminate\\Http\\Request), Object(Closure))
#34 /Users/henrikhannewijk/Desktop/Projecten/FTP-CSV-Reader/vendor/laravel/framework/src/Illuminate/Pipeline/Pipeline.php(116): Illuminate\\Pipeline\\Pipeline->Illuminate\\Pipeline\\{closure}(Object(Illuminate\\Http\\Request))
#35 /Users/henrikhannewijk/Desktop/Projecten/FTP-CSV-Reader/vendor/laravel/framework/src/Illuminate/Foundation/Http/Kernel.php(165): Illuminate\\Pipeline\\Pipeline->then(Object(Closure))
#36 /Users/henrikhannewijk/Desktop/Projecten/FTP-CSV-Reader/vendor/laravel/framework/src/Illuminate/Foundation/Http/Kernel.php(134): Illuminate\\Foundation\\Http\\Kernel->sendRequestThroughRouter(Object(Illuminate\\Http\\Request))
#37 /Users/henrikhannewijk/Desktop/Projecten/FTP-CSV-Reader/public/index.php(51): Illuminate\\Foundation\\Http\\Kernel->handle(Object(Illuminate\\Http\\Request))
#38 /Users/henrikhannewijk/.composer/vendor/laravel/valet/server.php(110): require('/Users/henrikha...')
#39 {main}
"} 
